app/build/outputs/apk/manifest-merger-debug-report.txt
-- Merging decision tree log ---
manifest
ADDED from AndroidManifest.xml:2:1
	xmlns:android
		ADDED from AndroidManifest.xml:2:11
	package
		ADDED from AndroidManifest.xml:3:5
		INJECTED from AndroidManifest.xml:0:0
		INJECTED from AndroidManifest.xml:0:0
	android:versionName
		ADDED from AndroidManifest.xml:5:5
	android:versionCode
		ADDED from AndroidManifest.xml:4:5
		INJECTED from AndroidManifest.xml:0:0
		INJECTED from AndroidManifest.xml:0:0
uses-sdk
ADDED from AndroidManifest.xml:7:5
MERGED from com.android.support:appcompat-v7:20.0.0:16:5
MERGED from com.android.support:support-v4:20.0.0:16:5
MERGED from com.android.support:support-v4:20.0.0:16:5
	android:targetSdkVersion
		ADDED from AndroidManifest.xml:9:9
		INJECTED from AndroidManifest.xml:0:0
		INJECTED from AndroidManifest.xml:0:0
	android:minSdkVersion
		ADDED from AndroidManifest.xml:8:9
		INJECTED from AndroidManifest.xml:0:0
		INJECTED from AndroidManifest.xml:0:0
uses-permission#android.permission.INTERNET
ADDED from AndroidManifest.xml:11:5
	android:name
		ADDED from AndroidManifest.xml:11:22
application
ADDED from AndroidManifest.xml:13:5
MERGED from com.android.support:appcompat-v7:20.0.0:17:5
MERGED from com.android.support:support-v4:20.0.0:17:5
MERGED from com.android.support:support-v4:20.0.0:17:5
	android:label
		ADDED from AndroidManifest.xml:16:9
	android:allowBackup
		ADDED from AndroidManifest.xml:14:9
	android:icon
		ADDED from AndroidManifest.xml:15:9
	android:theme
		ADDED from AndroidManifest.xml:17:9
activity#com.example.texttosignlanguage.Splash
ADDED from AndroidManifest.xml:18:9
	android:label
		ADDED from AndroidManifest.xml:20:13
	android:name
		ADDED from AndroidManifest.xml:19:13
intent-filter#android.intent.action.MAIN+android.intent.category.LAUNCHER
ADDED from AndroidManifest.xml:21:13
action#android.intent.action.MAIN
ADDED from AndroidManifest.xml:22:17
	android:name
		ADDED from AndroidManifest.xml:22:25
category#android.intent.category.LAUNCHER
ADDED from AndroidManifest.xml:24:17
	android:name
		ADDED from AndroidManifest.xml:24:27
activity#com.example.texttosignlanguage.MainActivity
ADDED from AndroidManifest.xml:27:9
	android:label
		ADDED from AndroidManifest.xml:29:13
	android:name
		ADDED from AndroidManifest.xml:28:13
intent-filter#android.intent.category.DEFAULT+com.example.texttosignlanguage.MAINACTIVITY
ADDED from AndroidManifest.xml:30:13
action#com.example.texttosignlanguage.MAINACTIVITY
ADDED from AndroidManifest.xml:31:17
	android:name
		ADDED from AndroidManifest.xml:31:25
category#android.intent.category.DEFAULT
ADDED from AndroidManifest.xml:33:17
	android:name
		ADDED from AndroidManifest.xml:33:27
activity#com.example.texttosignlanguage.Image
ADDED from AndroidManifest.xml:36:9
	android:label
		ADDED from AndroidManifest.xml:38:13
	android:name
		ADDED from AndroidManifest.xml:37:13
intent-filter#android.intent.category.DEFAULT+com.example.texttosignlanguage.IMAGE
ADDED from AndroidManifest.xml:39:13
action#com.example.texttosignlanguage.IMAGE
ADDED from AndroidManifest.xml:40:17
	android:name
		ADDED from AndroidManifest.xml:40:25
activity#com.example.texttosignlanguage.About
ADDED from AndroidManifest.xml:46:9
	android:label
		ADDED from AndroidManifest.xml:48:13
	android:name
		ADDED from AndroidManifest.xml:47:13
intent-filter#android.intent.category.DEFAULT+com.example.texttosignlanguage.ABOUT
ADDED from AndroidManifest.xml:49:13
action#com.example.texttosignlanguage.ABOUT
ADDED from AndroidManifest.xml:50:17
	android:name
		ADDED from AndroidManifest.xml:50:25
activity#com.example.texttosignlanguage.VoiceReg
ADDED from AndroidManifest.xml:56:10
	android:label
		ADDED from AndroidManifest.xml:58:13
	android:name
		ADDED from AndroidManifest.xml:57:13
intent-filter#android.intent.category.DEFAULT+com.example.texttosignlanguage.VOICEREG
ADDED from AndroidManifest.xml:59:13
action#com.example.texttosignlanguage.VOICEREG
ADDED from AndroidManifest.xml:60:17
	android:name
		ADDED from AndroidManifest.xml:60:25
activity#com.example.texttosignlanguage.Activities
ADDED from AndroidManifest.xml:66:11
	android:label
		ADDED from AndroidManifest.xml:68:13
	android:name
		ADDED from AndroidManifest.xml:67:13
intent-filter#android.intent.category.DEFAULT+com.example.texttosignlanguage.ACTIVITIES
ADDED from AndroidManifest.xml:69:13
action#com.example.texttosignlanguage.ACTIVITIES
ADDED from AndroidManifest.xml:70:17
	android:name
		ADDED from AndroidManifest.xml:70:25
activity#com.example.texttosignlanguage.News
ADDED from AndroidManifest.xml:76:10
	android:label
		ADDED from AndroidManifest.xml:78:13
	android:name
		ADDED from AndroidManifest.xml:77:13
intent-filter#android.intent.category.DEFAULT+com.example.texttosignlanguage.NEWS
ADDED from AndroidManifest.xml:79:13
action#com.example.texttosignlanguage.NEWS
ADDED from AndroidManifest.xml:80:17
	android:name
		ADDED from AndroidManifest.xml:80:25
activity#com.example.texttosignlanguage.NewsSign
ADDED from AndroidManifest.xml:86:11
	android:label
		ADDED from AndroidManifest.xml:88:13
	android:name
		ADDED from AndroidManifest.xml:87:13
intent-filter#android.intent.category.DEFAULT+com.example.texttosignlanguage.NEWSSIGN
ADDED from AndroidManifest.xml:89:13
action#com.example.texttosignlanguage.NEWSSIGN
ADDED from AndroidManifest.xml:90:17
	android:name
		ADDED from AndroidManifest.xml:90:25
activity#com.example.texttosignlanguage.NewsNormal
ADDED from AndroidManifest.xml:96:12
	android:label
		ADDED from AndroidManifest.xml:98:13
	android:name
		ADDED from AndroidManifest.xml:97:13
intent-filter#android.intent.category.DEFAULT+com.example.texttosignlanguage.NEWSNORMAL
ADDED from AndroidManifest.xml:99:13
action#com.example.texttosignlanguage.NEWSNORMAL
ADDED from AndroidManifest.xml:100:17
	android:name
		ADDED from AndroidManifest.xml:100:25
activity#com.example.texttosignlanguage.NewsBoth
ADDED from AndroidManifest.xml:106:12
	android:label
		ADDED from AndroidManifest.xml:108:13
	android:name
		ADDED from AndroidManifest.xml:107:13
intent-filter#android.intent.category.DEFAULT+com.example.texttosignlanguage.NEWSBOTH
ADDED from AndroidManifest.xml:109:13
action#com.example.texttosignlanguage.NEWSBOTH
ADDED from AndroidManifest.xml:110:17
	android:name
		ADDED from AndroidManifest.xml:110:25
activity#com.example.texttosignlanguage.Finger
ADDED from AndroidManifest.xml:116:9
	android:label
		ADDED from AndroidManifest.xml:118:13
	android:name
		ADDED from AndroidManifest.xml:117:13
intent-filter#android.intent.category.DEFAULT+com.example.texttosignlanguage.FINGER
ADDED from AndroidManifest.xml:119:13
action#com.example.texttosignlanguage.FINGER
ADDED from AndroidManifest.xml:120:17
	android:name
		ADDED from AndroidManifest.xml:120:25